Parameter validation passed.
Loading configuration from server list:
  Server IP: 172.16.53.128 (local)
  Client IPs: 172.16.53.128 172.16.54.140 172.16.54.141
  Local machine as iPerf3 server
Running benchmark tests for all servers...
======================================

Checking system prerequisites...
--------------------------------
  Checking parameters...
  Parameter validation passed.
  ✓ Parameters check passed

  Checking dependencies...
  ✓ sysbench: Installed (required for all tests)
  ✓ fio: Installed (required for IO tests)
  ✓ iperf3: Installed (required for network tests)
  ✓ jq: Installed (required for parsing fio JSON output)
  Note: Install optional dependencies based on your testing needs
  Checking permissions...
  ✓ Test directory write permission: /home/vastbase/oscheckperf/io_test
  ✓ Running as non-root user
  Checking disk space...
  IO test space requirement: 1G x 3 server(s) = 3GB
  ✓ Disk space: 33GB available, 3GB required
  Checking network connectivity...
  ✓ Network connectivity: OK
  Checking SSH passwordless login...
  ✓ SSH passwordless login: OK

Prerequisites check completed successfully!
----------------------------------------

Execution mode: parallel
Starting parallel tests on 3 servers...
  Server 1 (172.16.53.128) started in background (PID: 2323078)
  Server 2 (172.16.54.140) started in background (PID: 2323079)
  Server 3 (172.16.54.141) started in background (PID: 2323080)
Waiting for all tests to complete...
Parameter validation passed.
Loading configuration from server list:
  Server IP: 172.16.53.128 (local)
  Client IPs: 172.16.53.128 172.16.54.140 172.16.54.141
  Local machine as iPerf3 server
Running benchmark tests for all servers...
======================================

Checking system prerequisites...
--------------------------------
  Checking parameters...
  Parameter validation passed.
  ✓ Parameters check passed

  Checking dependencies...
  ✓ sysbench: Installed (required for all tests)
  ✓ fio: Installed (required for IO tests)
  ✓ iperf3: Installed (required for network tests)
  ✓ jq: Installed (required for parsing fio JSON output)
  Note: Install optional dependencies based on your testing needs
  Checking permissions...
  ✓ Test directory write permission: /home/vastbase/oscheckperf/io_test
  ✓ Running as non-root user
  Checking disk space...
  IO test space requirement: 1G x 3 server(s) = 3GB
  ✓ Disk space: 32GB available, 3GB required
  Checking network connectivity...
  ✓ Network connectivity: OK
  Checking SSH passwordless login...
  ✓ SSH passwordless login: OK

Prerequisites check completed successfully!
----------------------------------------

Execution mode: parallel
Starting parallel tests on 3 servers...
  Server 1 (172.16.53.128) started in background (PID: 2325237)
  Server 2 (172.16.54.140) started in background (PID: 2325238)
  Server 3 (172.16.54.141) started in background (PID: 2325239)
Waiting for all tests to complete...

=== Test Output Summary ===

--- Output from 172.16.53.128 ---

================================================================================
Testing server 1/3: 172.16.53.128
================================================================================
=== IO Performance Test ===
[sysbench] Starting fileio test...
  File size: 1G, Test modes: seqrd seqwr
  Test directory: /home/vastbase/oscheckperf/io_test

IO test results:
  Read IOPS: 15235.36
  Write IOPS: 0.00
  Total IOPS: 15235.36
  Read BW: 238.05MB/s
  Write BW: 0.00MB/s
  Total BW: 238.05MB/s
  Avg Latency: 0.26ms

IO test results:
  Read IOPS: 0.00
  Write IOPS: 16869.06
  Total IOPS: 16869.06
  Read BW: 0.00MB/s
  Write BW: 263.58MB/s
  Total BW: 263.58MB/s
  Avg Latency: 0.23ms
✓ IO test completed

--- Output from 172.16.54.140 ---

================================================================================
Testing server 2/3: 172.16.54.140
================================================================================
  Executing remote tests on 172.16.54.140...

Authorized users only. All activities may be monitored and reported.
Parameter validation passed.
=== IO Performance Test ===

IO test results:
  Read IOPS: 39228.67
  Write IOPS: 0.00
  Total IOPS: 39228.67
  Read BW: 612.95MB/s
  Write BW: 0.00MB/s
  Total BW: 612.95MB/s
  Avg Latency: 0.10ms

IO test results:
  Read IOPS: 0.00
  Write IOPS: 7268.38
  Total IOPS: 7268.38
  Read BW: 0.00MB/s
  Write BW: 113.57MB/s
  Total BW: 113.57MB/s
  Avg Latency: 0.53ms

Authorized users only. All activities may be monitored and reported.

--- Output from 172.16.54.141 ---

================================================================================
Testing server 3/3: 172.16.54.141
================================================================================
  Executing remote tests on 172.16.54.141...

Authorized users only. All activities may be monitored and reported.
Parameter validation passed.
=== IO Performance Test ===

IO test results:
  Read IOPS: 42316.59
  Write IOPS: 0.00
  Total IOPS: 42316.59
  Read BW: 661.20MB/s
  Write BW: 0.00MB/s
  Total BW: 661.20MB/s
  Avg Latency: 0.09ms

IO test results:
  Read IOPS: 0.00
  Write IOPS: 7007.03
  Total IOPS: 7007.03
  Read BW: 0.00MB/s
  Write BW: 109.48MB/s
  Total BW: 109.48MB/s
  Avg Latency: 0.55ms

Authorized users only. All activities may be monitored and reported.

=== Benchmark completed successfully! ===
Report: /home/vastbase/project/script/oscheckperf/output/report_benchmark_20260430_135930.log
Detailed results: /home/vastbase/project/script/oscheckperf/output/data_20260430_135930_all_results.log
Original data: /home/vastbase/project/script/oscheckperf/output/original_data_20260430_135930_all_results.log
Parameter validation passed.
Loading configuration from server list:
  Server IP: 172.16.53.128 (local)
  Client IPs: 172.16.53.128 172.16.54.140 172.16.54.141
  Local machine as iPerf3 server
Running benchmark tests for all servers...
======================================

Checking system prerequisites...
--------------------------------
  Checking parameters...
  Parameter validation passed.
  ✓ Parameters check passed

  Checking dependencies...
  ✓ sysbench: Installed (required for all tests)
  ✓ fio: Installed (required for IO tests)
  ✓ iperf3: Installed (required for network tests)
  ✓ jq: Installed (required for parsing fio JSON output)
  Note: Install optional dependencies based on your testing needs
  Checking permissions...
  ✓ Test directory write permission: /home/vastbase/oscheckperf/io_test
  ✓ Running as non-root user
  Checking disk space...
  IO test space requirement: 1G x 3 server(s) = 3GB
  ✓ Disk space: 33GB available, 3GB required
  Checking network connectivity...
  ✓ Network connectivity: OK
  Checking SSH passwordless login...
  ✓ SSH passwordless login: OK

Prerequisites check completed successfully!
----------------------------------------

Execution mode: parallel
Starting parallel tests on 3 servers...
  Server 1 (172.16.53.128) started in background (PID: 2354416)
  Server 2 (172.16.54.140) started in background (PID: 2354417)
  Server 3 (172.16.54.141) started in background (PID: 2354418)
Waiting for all tests to complete...

=== Test Output Summary ===

--- Output from 172.16.53.128 ---

================================================================================
Testing server 1/3: 172.16.53.128
================================================================================
=== IO Performance Test ===
[fio] Starting test...
  Executing profile: read
  Configuration file: /home/vastbase/oscheckperf/tmp/fio_read.fio
  Config content:
  ----------------
[global]
ioengine=sync
direct=1
size=256M
runtime=200
time_based
group_reporting
thread

[read]
rw=read
bs=16K
iodepth=1
numjobs=4
nrfiles=4
filename=/home/vastbase/oscheckperf/io_test/fio_test_read_
  ----------------


  fio [read] test results:
    Read IOPS: 23103.269484 (stddev: 1930.770579)
    Write IOPS: 0 (stddev: 0)
    Read BW: 360MB/s
    Write BW: 0MB/s
    Read Latency (ms): min=0.071250, P50=0.134144, P95=0.228352, P99=1.581056, max=15.790789
    Write Latency (ms): min=0.000000, P50=0.000000, P95=0.000000, P99=0.000000, max=0.000000
    Device Utilization: 0%
  Executing profile: write
  Configuration file: /home/vastbase/oscheckperf/tmp/fio_write.fio
  Config content:
  ----------------
[global]
ioengine=sync
direct=1
size=256M
runtime=200
time_based
group_reporting
thread

[write]
rw=write
bs=16K
iodepth=1
numjobs=4
nrfiles=4
filename=/home/vastbase/oscheckperf/io_test/fio_test_write_
  ----------------


  fio [write] test results:
    Read IOPS: 0 (stddev: 0)
    Write IOPS: 16667.576662 (stddev: 1328.54067)
    Read BW: 0MB/s
    Write BW: 260MB/s
    Read Latency (ms): min=0.000000, P50=0.000000, P95=0.000000, P99=0.000000, max=0.000000
    Write Latency (ms): min=0.086349, P50=0.195584, P95=0.329728, P99=0.905216, max=67.472538
    Device Utilization: 0%
✓ fio test completed

--- Output from 172.16.54.140 ---

================================================================================
Testing server 2/3: 172.16.54.140
================================================================================
  Executing remote tests on 172.16.54.140...

Authorized users only. All activities may be monitored and reported.
Parameter validation passed.
=== IO Performance Test ===
[fio] Starting test...
  Executing profile: read
  Configuration file: /home/vastbase/oscheckperf/tmp/fio_read.fio
  Config content:
  ----------------
[global]
ioengine=libaio
direct=1
size=256M
runtime=200
time_based
group_reporting
thread

[read]
rw=read
bs=16K
iodepth=1
numjobs=4
nrfiles=4
filename=/home/vastbase/oscheckperf/io_test/fio_test_read_
  ----------------


  fio [read] test results:
    Read IOPS: 48877.106229 (stddev: 1186.987992)
    Write IOPS: 0 (stddev: 0)
    Read BW: 763MB/s
    Write BW: 0MB/s
    Read Latency (ms): min=0.001060, P50=0.068096, P95=0.093696, P99=0.124416, max=49.824650
    Write Latency (ms): min=0.000000, P50=0.000000, P95=0.000000, P99=0.000000, max=0.000000
    Device Utilization: 0%
  Executing profile: write
  Configuration file: /home/vastbase/oscheckperf/tmp/fio_write.fio
  Config content:
  ----------------
[global]
ioengine=libaio
direct=1
size=256M
runtime=200
time_based
group_reporting
thread

[write]
rw=write
bs=16K
iodepth=1
numjobs=4
nrfiles=4
filename=/home/vastbase/oscheckperf/io_test/fio_test_write_
  ----------------


  fio [write] test results:
    Read IOPS: 0 (stddev: 0)
    Write IOPS: 36923.365383 (stddev: 726.759291)
    Read BW: 0MB/s
    Write BW: 576MB/s
    Read Latency (ms): min=0.000000, P50=0.000000, P95=0.000000, P99=0.000000, max=0.000000
    Write Latency (ms): min=0.001080, P50=0.088576, P95=0.125440, P99=0.166912, max=63.610650
    Device Utilization: 0%
✓ fio test completed

Authorized users only. All activities may be monitored and reported.

--- Output from 172.16.54.141 ---

================================================================================
Testing server 3/3: 172.16.54.141
================================================================================
  Executing remote tests on 172.16.54.141...

Authorized users only. All activities may be monitored and reported.
Parameter validation passed.
=== IO Performance Test ===
[fio] Starting test...
  Executing profile: read
  Configuration file: /home/vastbase/oscheckperf/tmp/fio_read.fio
  Config content:
  ----------------
[global]
ioengine=libaio
direct=1
size=256M
runtime=200
time_based
group_reporting
thread

[read]
rw=read
bs=16K
iodepth=1
numjobs=4
nrfiles=4
filename=/home/vastbase/oscheckperf/io_test/fio_test_read_
  ----------------


  fio [read] test results:
    Read IOPS: 51979.265207 (stddev: 1112.554803)
    Write IOPS: 0 (stddev: 0)
    Read BW: 812MB/s
    Write BW: 0MB/s
    Read Latency (ms): min=0.001000, P50=0.066048, P95=0.087552, P99=0.108032, max=40.999520
    Write Latency (ms): min=0.000000, P50=0.000000, P95=0.000000, P99=0.000000, max=0.000000
    Device Utilization: 0%
  Executing profile: write
  Configuration file: /home/vastbase/oscheckperf/tmp/fio_write.fio
  Config content:
  ----------------
[global]
ioengine=libaio
direct=1
size=256M
runtime=200
time_based
group_reporting
thread

[write]
rw=write
bs=16K
iodepth=1
numjobs=4
nrfiles=4
filename=/home/vastbase/oscheckperf/io_test/fio_test_write_
  ----------------


  fio [write] test results:
    Read IOPS: 0 (stddev: 0)
    Write IOPS: 43393.613032 (stddev: 986.672593)
    Read BW: 0MB/s
    Write BW: 678MB/s
    Read Latency (ms): min=0.000000, P50=0.000000, P95=0.000000, P99=0.000000, max=0.000000
    Write Latency (ms): min=0.000990, P50=0.076288, P95=0.112128, P99=0.138240, max=35.698950
    Device Utilization: 0%
✓ fio test completed

Authorized users only. All activities may be monitored and reported.

=== Benchmark completed successfully! ===
Report: /home/vastbase/project/script/oscheckperf/output/report_benchmark_20260430_140830.log
Detailed results: /home/vastbase/project/script/oscheckperf/output/data_20260430_140830_all_results.log
Original data: /home/vastbase/project/script/oscheckperf/output/original_data_20260430_140830_all_results.log
